[ 2019-04-08T22:22:12+08:00 ] 117.164.199.143 /myWorkspace/WeChat/index.php/home/Wechat/index
INFO: [ app_init ] --START--
INFO: Run Behavior\BuildLiteBehavior [ RunTime:0.000012s ]
INFO: [ app_init ] --END-- [ RunTime:0.000269s ]
INFO: [ app_begin ] --START--
INFO: Run Behavior\ReadHtmlCacheBehavior [ RunTime:0.000281s ]
INFO: [ app_begin ] --END-- [ RunTime:0.000312s ]
NOTIC: [8] Undefined index: nonce /var/www/html/myWorkspace/WeChat/Application/Home/Controller/WechatController.class.php 第 21 行.
NOTIC: [8] Undefined index: timestamp /var/www/html/myWorkspace/WeChat/Application/Home/Controller/WechatController.class.php 第 23 行.
NOTIC: [8] Undefined index: echostr /var/www/html/myWorkspace/WeChat/Application/Home/Controller/WechatController.class.php 第 24 行.
NOTIC: [8] Undefined index: signature /var/www/html/myWorkspace/WeChat/Application/Home/Controller/WechatController.class.php 第 25 行.
NOTIC: [8] Undefined index: HTTP_RAW_POST_DATA /var/www/html/myWorkspace/WeChat/Application/Home/Controller/WechatController.class.php 第 45 行.
NOTIC: [8] Trying to get property of non-object /var/www/html/myWorkspace/WeChat/Application/Home/Controller/WechatController.class.php 第 51 行.
NOTIC: [8] Trying to get property of non-object /var/www/html/myWorkspace/WeChat/Application/Home/Controller/WechatController.class.php 第 64 行.
NOTIC: [8] Trying to get property of non-object /var/www/html/myWorkspace/WeChat/Application/Home/Controller/WechatController.class.php 第 79 行.
NOTIC: [8] Trying to get property of non-object /var/www/html/myWorkspace/WeChat/Application/Home/Controller/WechatController.class.php 第 106 行.
NOTIC: [8] Undefined variable: content /var/www/html/myWorkspace/WeChat/Application/Home/Controller/WechatController.class.php 第 124 行.
NOTIC: [8] Trying to get property of non-object /var/www/html/myWorkspace/WeChat/Application/Home/Model/WechatModel.class.php 第 45 行.
NOTIC: [8] Trying to get property of non-object /var/www/html/myWorkspace/WeChat/Application/Home/Model/WechatModel.class.php 第 46 行.
INFO: [ app_end ] --START--
INFO: Run Behavior\ShowPageTraceBehavior [ RunTime:0.000290s ]
INFO: [ app_end ] --END-- [ RunTime:0.000320s ]

[ 2019-04-08T22:22:20+08:00 ] 117.164.199.143 /myWorkspace/WeChat/index.php/home/Wechat/shareWX
INFO: [ app_init ] --START--
INFO: Run Behavior\BuildLiteBehavior [ RunTime:0.000010s ]
INFO: [ app_init ] --END-- [ RunTime:0.000186s ]
INFO: [ app_begin ] --START--
INFO: Run Behavior\ReadHtmlCacheBehavior [ RunTime:0.000254s ]
INFO: [ app_begin ] --END-- [ RunTime:0.000281s ]
NOTIC: [8] Undefined index: jsapi_ticket_expire_time /var/www/html/myWorkspace/WeChat/Application/Home/Controller/WechatController.class.php 第 172 行.
NOTIC: [8] Undefined index: access_token_expire_time /var/www/html/myWorkspace/WeChat/Application/Home/Controller/WechatController.class.php 第 156 行.
NOTIC: [2] curl_errno(): 25 is not a valid cURL handle resource /var/www/html/myWorkspace/WeChat/Application/Home/Controller/WechatController.class.php 第 141 行.
NOTIC: [2] curl_errno(): 26 is not a valid cURL handle resource /var/www/html/myWorkspace/WeChat/Application/Home/Controller/WechatController.class.php 第 141 行.
INFO: [ view_parse ] --START--
INFO: [ template_filter ] --START--
INFO: Run Behavior\ContentReplaceBehavior [ RunTime:0.000034s ]
INFO: [ template_filter ] --END-- [ RunTime:0.000074s ]
INFO: Run Behavior\ParseTemplateBehavior [ RunTime:0.003796s ]
INFO: [ view_parse ] --END-- [ RunTime:0.003831s ]
INFO: [ view_filter ] --START--
INFO: Run Behavior\WriteHtmlCacheBehavior [ RunTime:0.000086s ]
INFO: [ view_filter ] --END-- [ RunTime:0.000107s ]
INFO: [ app_end ] --START--
INFO: Run Behavior\ShowPageTraceBehavior [ RunTime:0.000355s ]
INFO: [ app_end ] --END-- [ RunTime:0.000383s ]

[ 2019-04-08T22:22:24+08:00 ] 117.164.199.143 /myWorkspace/WeChat/index.php/home/Wechat/shareWX
INFO: [ app_init ] --START--
INFO: Run Behavior\BuildLiteBehavior [ RunTime:0.000011s ]
INFO: [ app_init ] --END-- [ RunTime:0.000235s ]
INFO: [ app_begin ] --START--
INFO: Run Behavior\ReadHtmlCacheBehavior [ RunTime:0.000266s ]
INFO: [ app_begin ] --END-- [ RunTime:0.000295s ]
INFO: [ view_parse ] --START--
INFO: [ template_filter ] --START--
INFO: Run Behavior\ContentReplaceBehavior [ RunTime:0.000029s ]
INFO: [ template_filter ] --END-- [ RunTime:0.000061s ]
INFO: Run Behavior\ParseTemplateBehavior [ RunTime:0.003540s ]
INFO: [ view_parse ] --END-- [ RunTime:0.003571s ]
INFO: [ view_filter ] --START--
INFO: Run Behavior\WriteHtmlCacheBehavior [ RunTime:0.000073s ]
INFO: [ view_filter ] --END-- [ RunTime:0.000091s ]
INFO: [ app_end ] --START--
INFO: Run Behavior\ShowPageTraceBehavior [ RunTime:0.000284s ]
INFO: [ app_end ] --END-- [ RunTime:0.000307s ]

