[ 2019-04-22T23:32:24+08:00 ] 14.116.133.169 /myWorkspace/WeChat/index.php/Home/Wechat/shareWX
INFO: [ app_init ] --START--
INFO: Run Behavior\BuildLiteBehavior [ RunTime:0.000011s ]
INFO: [ app_init ] --END-- [ RunTime:0.000216s ]
INFO: [ app_begin ] --START--
INFO: Run Behavior\ReadHtmlCacheBehavior [ RunTime:0.000264s ]
INFO: [ app_begin ] --END-- [ RunTime:0.000293s ]
NOTIC: [8] Undefined index: jsapi_ticket_expire_time /var/www/html/myWorkspace/WeChat/Application/Home/Controller/WechatController.class.php 第 154 行.
NOTIC: [8] Undefined index: access_token_expire_time /var/www/html/myWorkspace/WeChat/Application/Home/Controller/WechatController.class.php 第 137 行.
INFO: [ view_parse ] --START--
INFO: [ template_filter ] --START--
INFO: Run Behavior\ContentReplaceBehavior [ RunTime:0.000048s ]
INFO: [ template_filter ] --END-- [ RunTime:0.000086s ]
INFO: Run Behavior\ParseTemplateBehavior [ RunTime:0.003710s ]
INFO: [ view_parse ] --END-- [ RunTime:0.003753s ]
INFO: [ view_filter ] --START--
INFO: Run Behavior\WriteHtmlCacheBehavior [ RunTime:0.000084s ]
INFO: [ view_filter ] --END-- [ RunTime:0.000102s ]
INFO: [ app_end ] --START--
INFO: Run Behavior\ShowPageTraceBehavior [ RunTime:0.000307s ]
INFO: [ app_end ] --END-- [ RunTime:0.000333s ]

[ 2019-04-22T23:32:54+08:00 ] 14.116.133.169 /myWorkspace/WeChat/index.php/Home/Wechat/definedItem
INFO: [ app_init ] --START--
INFO: Run Behavior\BuildLiteBehavior [ RunTime:0.000011s ]
INFO: [ app_init ] --END-- [ RunTime:0.000207s ]
INFO: [ app_begin ] --START--
INFO: Run Behavior\ReadHtmlCacheBehavior [ RunTime:0.000256s ]
INFO: [ app_begin ] --END-- [ RunTime:0.000284s ]
INFO: [ app_end ] --START--
INFO: Run Behavior\ShowPageTraceBehavior [ RunTime:0.000425s ]
INFO: [ app_end ] --END-- [ RunTime:0.000521s ]

[ 2019-04-22T23:33:23+08:00 ] 61.129.8.179 /myWorkspace/WeChat/index.php/Home/Wechat/shareWX
INFO: [ app_init ] --START--
INFO: Run Behavior\BuildLiteBehavior [ RunTime:0.000011s ]
INFO: [ app_init ] --END-- [ RunTime:0.000199s ]
INFO: [ app_begin ] --START--
INFO: Run Behavior\ReadHtmlCacheBehavior [ RunTime:0.000292s ]
INFO: [ app_begin ] --END-- [ RunTime:0.000326s ]
NOTIC: [8] Undefined index: jsapi_ticket_expire_time /var/www/html/myWorkspace/WeChat/Application/Home/Controller/WechatController.class.php 第 154 行.
NOTIC: [8] Undefined index: access_token_expire_time /var/www/html/myWorkspace/WeChat/Application/Home/Controller/WechatController.class.php 第 137 行.
INFO: [ view_parse ] --START--
INFO: [ template_filter ] --START--
INFO: Run Behavior\ContentReplaceBehavior [ RunTime:0.000046s ]
INFO: [ template_filter ] --END-- [ RunTime:0.000093s ]
INFO: Run Behavior\ParseTemplateBehavior [ RunTime:0.003755s ]
INFO: [ view_parse ] --END-- [ RunTime:0.003824s ]
INFO: [ view_filter ] --START--
INFO: Run Behavior\WriteHtmlCacheBehavior [ RunTime:0.000096s ]
INFO: [ view_filter ] --END-- [ RunTime:0.000116s ]
INFO: [ app_end ] --START--
INFO: Run Behavior\ShowPageTraceBehavior [ RunTime:0.000336s ]
INFO: [ app_end ] --END-- [ RunTime:0.000358s ]

[ 2019-04-22T23:33:24+08:00 ] 101.89.239.216 /myWorkspace/WeChat/index.php/Home/Wechat/shareWX
INFO: [ app_init ] --START--
INFO: Run Behavior\BuildLiteBehavior [ RunTime:0.000010s ]
INFO: [ app_init ] --END-- [ RunTime:0.000205s ]
INFO: [ app_begin ] --START--
INFO: Run Behavior\ReadHtmlCacheBehavior [ RunTime:0.000239s ]
INFO: [ app_begin ] --END-- [ RunTime:0.000268s ]
NOTIC: [8] Undefined index: jsapi_ticket_expire_time /var/www/html/myWorkspace/WeChat/Application/Home/Controller/WechatController.class.php 第 154 行.
NOTIC: [8] Undefined index: access_token_expire_time /var/www/html/myWorkspace/WeChat/Application/Home/Controller/WechatController.class.php 第 137 行.
INFO: [ view_parse ] --START--
INFO: [ template_filter ] --START--
INFO: Run Behavior\ContentReplaceBehavior [ RunTime:0.000040s ]
INFO: [ template_filter ] --END-- [ RunTime:0.000081s ]
INFO: Run Behavior\ParseTemplateBehavior [ RunTime:0.003537s ]
INFO: [ view_parse ] --END-- [ RunTime:0.003579s ]
INFO: [ view_filter ] --START--
INFO: Run Behavior\WriteHtmlCacheBehavior [ RunTime:0.000077s ]
INFO: [ view_filter ] --END-- [ RunTime:0.000095s ]
INFO: [ app_end ] --START--
INFO: Run Behavior\ShowPageTraceBehavior [ RunTime:0.000276s ]
INFO: [ app_end ] --END-- [ RunTime:0.000298s ]

[ 2019-04-22T23:33:53+08:00 ] 101.89.239.216 /myWorkspace/WeChat/index.php/Home/Wechat/definedItem
INFO: [ app_init ] --START--
INFO: Run Behavior\BuildLiteBehavior [ RunTime:0.000011s ]
INFO: [ app_init ] --END-- [ RunTime:0.000215s ]
INFO: [ app_begin ] --START--
INFO: Run Behavior\ReadHtmlCacheBehavior [ RunTime:0.000259s ]
INFO: [ app_begin ] --END-- [ RunTime:0.000291s ]
NOTIC: [8] Undefined index: access_token_expire_time /var/www/html/myWorkspace/WeChat/Application/Home/Controller/WechatController.class.php 第 137 行.
INFO: [ app_end ] --START--
INFO: Run Behavior\ShowPageTraceBehavior [ RunTime:0.000427s ]
INFO: [ app_end ] --END-- [ RunTime:0.000522s ]

[ 2019-04-22T23:33:55+08:00 ] 61.151.207.141 /myWorkspace/WeChat/index.php/Home/Wechat/definedItem
INFO: [ app_init ] --START--
INFO: Run Behavior\BuildLiteBehavior [ RunTime:0.000010s ]
INFO: [ app_init ] --END-- [ RunTime:0.000199s ]
INFO: [ app_begin ] --START--
INFO: Run Behavior\ReadHtmlCacheBehavior [ RunTime:0.000234s ]
INFO: [ app_begin ] --END-- [ RunTime:0.000260s ]
NOTIC: [8] Undefined index: access_token_expire_time /var/www/html/myWorkspace/WeChat/Application/Home/Controller/WechatController.class.php 第 137 行.
INFO: [ app_end ] --START--
INFO: Run Behavior\ShowPageTraceBehavior [ RunTime:0.000447s ]
INFO: [ app_end ] --END-- [ RunTime:0.000532s ]

